# JRE version: OpenJDK Runtime Environment (8.0_112-b06) (build 1.8.0_112-release-b06)
# Java VM: OpenJDK 64-Bit Server VM (25.112-b06 mixed mode linux-amd64 compressed oops)
Heap:
 PSYoungGen      total 354816K, used 1613K [0x00000000e0000000, 0x0000000100000000, 0x0000000100000000)
  eden space 261120K, 0% used [0x00000000e0000000,0x00000000e0000000,0x00000000eff00000)
  from space 93696K, 1% used [0x00000000fa480000,0x00000000fa6134b8,0x0000000100000000)
  to   space 131584K, 0% used [0x00000000eff00000,0x00000000eff00000,0x00000000f7f80000)
 ParOldGen       total 517120K, used 517086K [0x00000000a0000000, 0x00000000bf900000, 0x00000000e0000000)
  object space 517120K, 99% used [0x00000000a0000000,0x00000000bf8f7a68,0x00000000bf900000)
 Metaspace       used 89167K, capacity 93706K, committed 93824K, reserved 1130496K
  class space    used 11133K, capacity 12142K, committed 12160K, reserved 1048576K
GC Heap History (10 events):
Event: 872.175 GC heap after
Heap after GC invocations=43 (full 6):
 PSYoungGen      total 422912K, used 51344K [0x00000000e0000000, 0x0000000100000000, 0x0000000100000000)
  eden space 329216K, 0% used [0x00000000e0000000,0x00000000e0000000,0x00000000f4180000)
  from space 93696K, 54% used [0x00000000f4180000,0x00000000f73a4268,0x00000000f9d00000)
  to   space 93696K, 0% used [0x00000000fa480000,0x00000000fa480000,0x0000000100000000)
 ParOldGen       total 349184K, used 320414K [0x00000000a0000000, 0x00000000b5500000, 0x00000000e0000000)
  object space 349184K, 91% used [0x00000000a0000000,0x00000000b38e7be0,0x00000000b5500000)
 Metaspace       used 89148K, capacity 93706K, committed 93824K, reserved 1130496K
  class space    used 11131K, capacity 12142K, committed 12160K, reserved 1048576K
}
Event: 872.176 GC heap before
{Heap before GC invocations=44 (full 7):
 PSYoungGen      total 422912K, used 51344K [0x00000000e0000000, 0x0000000100000000, 0x0000000100000000)
  eden space 329216K, 0% used [0x00000000e0000000,0x00000000e0000000,0x00000000f4180000)
  from space 93696K, 54% used [0x00000000f4180000,0x00000000f73a4268,0x00000000f9d00000)
  to   space 93696K, 0% used [0x00000000fa480000,0x00000000fa480000,0x0000000100000000)
 ParOldGen       total 349184K, used 320414K [0x00000000a0000000, 0x00000000b5500000, 0x00000000e0000000)
  object space 349184K, 91% used [0x00000000a0000000,0x00000000b38e7be0,0x00000000b5500000)
 Metaspace       used 89148K, capacity 93706K, committed 93824K, reserved 1130496K
  class space    used 11131K, capacity 12142K, committed 12160K, reserved 1048576K
Event: 874.951 GC heap after
Heap after GC invocations=44 (full 7):
 PSYoungGen      total 422912K, used 17360K [0x00000000e0000000, 0x0000000100000000, 0x0000000100000000)
  eden space 329216K, 0% used [0x00000000e0000000,0x00000000e0000000,0x00000000f4180000)
  from space 93696K, 18% used [0x00000000f4180000,0x00000000f52740a8,0x00000000f9d00000)
  to   space 93696K, 0% used [0x00000000fa480000,0x00000000fa480000,0x0000000100000000)
 ParOldGen       total 517120K, used 348889K [0x00000000a0000000, 0x00000000bf900000, 0x00000000e0000000)
  object space 517120K, 67% used [0x00000000a0000000,0x00000000b54b67e8,0x00000000bf900000)
 Metaspace       used 89148K, capacity 93706K, committed 93824K, reserved 1130496K
  class space    used 11131K, capacity 12142K, committed 12160K, reserved 1048576K
}
Event: 877.054 GC heap before
{Heap before GC invocations=45 (full 7):
 PSYoungGen      total 422912K, used 346576K [0x00000000e0000000, 0x0000000100000000, 0x0000000100000000)
  eden space 329216K, 100% used [0x00000000e0000000,0x00000000f4180000,0x00000000f4180000)
  from space 93696K, 18% used [0x00000000f4180000,0x00000000f52740a8,0x00000000f9d00000)
  to   space 93696K, 0% used [0x00000000fa480000,0x00000000fa480000,0x0000000100000000)
 ParOldGen       total 517120K, used 348889K [0x00000000a0000000, 0x00000000bf900000, 0x00000000e0000000)
  object space 517120K, 67% used [0x00000000a0000000,0x00000000b54b67e8,0x00000000bf900000)
 Metaspace       used 89156K, capacity 93706K, committed 93824K, reserved 1130496K
  class space    used 11132K, capacity 12142K, committed 12160K, reserved 1048576K
Event: 878.212 GC heap after
Heap after GC invocations=45 (full 7):
 PSYoungGen      total 430592K, used 52245K [0x00000000e0000000, 0x0000000100000000, 0x0000000100000000)
  eden space 336896K, 0% used [0x00000000e0000000,0x00000000e0000000,0x00000000f4900000)
  from space 93696K, 55% used [0x00000000fa480000,0x00000000fd785510,0x0000000100000000)
  to   space 93696K, 0% used [0x00000000f4900000,0x00000000f4900000,0x00000000fa480000)
 ParOldGen       total 517120K, used 364751K [0x00000000a0000000, 0x00000000bf900000, 0x00000000e0000000)
  object space 517120K, 70% used [0x00000000a0000000,0x00000000b6433ef0,0x00000000bf900000)
 Metaspace       used 89156K, capacity 93706K, committed 93824K, reserved 1130496K
  class space    used 11132K, capacity 12142K, committed 12160K, reserved 1048576K
}
Event: 888.979 GC heap before
{Heap before GC invocations=46 (full 7):
 PSYoungGen      total 430592K, used 389141K [0x00000000e0000000, 0x0000000100000000, 0x0000000100000000)
  eden space 336896K, 100% used [0x00000000e0000000,0x00000000f4900000,0x00000000f4900000)
  from space 93696K, 55% used [0x00000000fa480000,0x00000000fd785510,0x0000000100000000)
  to   space 93696K, 0% used [0x00000000f4900000,0x00000000f4900000,0x00000000fa480000)
 ParOldGen       total 517120K, used 364751K [0x00000000a0000000, 0x00000000bf900000, 0x00000000e0000000)
  object space 517120K, 70% used [0x00000000a0000000,0x00000000b6433ef0,0x00000000bf900000)
 Metaspace       used 89166K, capacity 93706K, committed 93824K, reserved 1130496K
  class space    used 11133K, capacity 12142K, committed 12160K, reserved 1048576K
Event: 889.523 GC heap after
Heap after GC invocations=46 (full 7):
 PSYoungGen      total 430592K, used 93694K [0x00000000e0000000, 0x0000000100000000, 0x0000000100000000)
  eden space 336896K, 0% used [0x00000000e0000000,0x00000000e0000000,0x00000000f4900000)
  from space 93696K, 99% used [0x00000000f4900000,0x00000000fa47f958,0x00000000fa480000)
  to   space 93696K, 0% used [0x00000000fa480000,0x00000000fa480000,0x0000000100000000)
 ParOldGen       total 517120K, used 420362K [0x00000000a0000000, 0x00000000bf900000, 0x00000000e0000000)
  object space 517120K, 81% used [0x00000000a0000000,0x00000000b9a82ba0,0x00000000bf900000)
 Metaspace       used 89166K, capacity 93706K, committed 93824K, reserved 1130496K
  class space    used 11133K, capacity 12142K, committed 12160K, reserved 1048576K
}
Event: 890.355 GC heap before
{Heap before GC invocations=47 (full 7):
 PSYoungGen      total 430592K, used 430590K [0x00000000e0000000, 0x0000000100000000, 0x0000000100000000)
  eden space 336896K, 100% used [0x00000000e0000000,0x00000000f4900000,0x00000000f4900000)
  from space 93696K, 99% used [0x00000000f4900000,0x00000000fa47f958,0x00000000fa480000)
  to   space 93696K, 0% used [0x00000000fa480000,0x00000000fa480000,0x0000000100000000)
 ParOldGen       total 517120K, used 420362K [0x00000000a0000000, 0x00000000bf900000, 0x00000000e0000000)
  object space 517120K, 81% used [0x00000000a0000000,0x00000000b9a82ba0,0x00000000bf900000)
 Metaspace       used 89167K, capacity 93706K, committed 93824K, reserved 1130496K
  class space    used 11133K, capacity 12142K, committed 12160K, reserved 1048576K
Event: 890.938 GC heap after
Heap after GC invocations=47 (full 7):
 PSYoungGen      total 354816K, used 77167K [0x00000000e0000000, 0x0000000100000000, 0x0000000100000000)
  eden space 261120K, 0% used [0x00000000e0000000,0x00000000e0000000,0x00000000eff00000)
  from space 93696K, 82% used [0x00000000fa480000,0x00000000fefdbfb8,0x0000000100000000)
  to   space 131584K, 0% used [0x00000000eff00000,0x00000000eff00000,0x00000000f7f80000)
 ParOldGen       total 517120K, used 485054K [0x00000000a0000000, 0x00000000bf900000, 0x00000000e0000000)
  object space 517120K, 93% used [0x00000000a0000000,0x00000000bd9af9f8,0x00000000bf900000)
 Metaspace       used 89167K, capacity 93706K, committed 93824K, reserved 1130496K
  class space    used 11133K, capacity 12142K, committed 12160K, reserved 1048576K
}
Event: 891.004 GC heap before
{Heap before GC invocations=48 (full 8):
 PSYoungGen      total 354816K, used 77167K [0x00000000e0000000, 0x0000000100000000, 0x0000000100000000)
  eden space 261120K, 0% used [0x00000000e0000000,0x00000000e0000000,0x00000000eff00000)
  from space 93696K, 82% used [0x00000000fa480000,0x00000000fefdbfb8,0x0000000100000000)
  to   space 131584K, 0% used [0x00000000eff00000,0x00000000eff00000,0x00000000f7f80000)
 ParOldGen       total 517120K, used 485054K [0x00000000a0000000, 0x00000000bf900000, 0x00000000e0000000)
  object space 517120K, 93% used [0x00000000a0000000,0x00000000bd9af9f8,0x00000000bf900000)
 Metaspace       used 89167K, capacity 93706K, committed 93824K, reserved 1130496K
  class space    used 11133K, capacity 12142K, committed 12160K, reserved 1048576K

